2024-10-01 11:00:08,873 - INFO - classifications: {'name': 'classification', 'items': {'1200': 797, '1203': 226, '1204': 305, '1206': 680, '1209': 675, '1210': 683, '1211': 1447, '1212': 1186, '1214': 141, '1216': 314, '1220': 185, '1223': 155, '1225': 1696, '1303': 48, '1313': 63, '1315': 8, '1328': 305, '1332': 96, '1345': 41, '1350': 31, '1352': 21, '1353': 10, '1372': 91, '1378': 5, '1387': 83, '1392': 21, '1404': 5, '1405': 2, '1406': 110, '1409': 6, '1410': 12, '1411': 69, '1415': 83, '1429': 15, '1431': 45, '1467': 5, '1468': 31, '1470': 123, '1499': 1, '1537': 26, '1542': 22, '1544': 19, '1546': 1, '1549': 123, '6001': 4, '6002': 20, '6003': 30, '6004': 40, '6005': 56, '6006': 2, '6007': 12, '6008': 378, '6009': 31, '6010': 81, '6011': 7, '6012': 22, '6013': 8, '6014': 15, '6015': 46, '6016': 82, '6017': 37, '6018': 19, '6019': 14, '6020': 2, '6021': 14, '6022': 33, '6023': 3, '6024': 14, '6025': 11, '6026': 1, '6027': 161, '6028': 110, '6029': 3, '6030': 3, '6031': 15, '6032': 50, '6033': 37, '6034': 3, '6035': 71, '6036': 11, '6037': 33, '6038': 24, '6039': 4, '6040': 5, '6041': 50, '6042': 33, '6043': 1057, '6044': 22, '6045': 17, '6046': 100, '6047': 187, '6048': 70, '6049': 10, '6050': 626, '6051': 25, '6052': 366, '6053': 135, '6054': 63, '6055': 218, '6056': 11, '6057': 33, '6058': 131, '6059': 3, '6060': 6, '6061': 5, '6062': 2, '6063': 6, '6064': 2, '6065': 1, '6066': 7, '6068': 3, '6071': 5, '6072': 86, '6073': 2, '6074': 3, '6076': 80, '6077': 5, '6078': 3, '6079': 15, '6080': 14, '6081': 5, '6082': 29, '6083': 9, '6084': 10, '6085': 113, '6086': 131, '6087': 10, '6088': 12, '6089': 9, '6090': 11, '6091': 9, '6092': 1300, '6093': 111, '6094': 15, '6095': 11, '6096': 78, '6097': 14, '6098': 30, '6099': 24, '6100': 4, '6101': 131, '6102': 101, '6103': 66, '6104': 1, '6105': 53, '6106': 34, '6107': 87, '6108': 340, '6109': 69, '6110': 16, '6111': 78, '6112': 37, '6113': 26, '6114': 81, '6115': 25, '6116': 44, '6117': 9, '6118': 109, '6119': 122, '6120': 15, '6121': 96, '6122': 70, '6123': 540, '6124': 19, '6125': 10, '6126': 13, '6127': 11, '6128': 6, '6129': 11, '6130': 43, '6131': 24, '6132': 127, '6133': 19, '6134': 54, '6135': 87, '6136': 14, '6137': 22, '6138': 39, '6139': 41, '6140': 81, '6141': 40, '6142': 51, '6143': 35, '6144': 23, '6145': 6, '6146': 12, '6147': 129, '6149': 3, '6150': 1, '6151': 129, '6152': 83, '6154': 3, '6155': 2, '6156': 15, '6157': 58, '6158': 2, '6159': 4, '6160': 24, '6161': 1, '6162': 16, '6163': 711, '6164': 294, '6165': 138, '6166': 150, '6167': 13, '6168': 22, '6169': 20, '6170': 30, '6171': 24, '6172': 3, '6173': 17, '6174': 19, '6175': 19, '6176': 15, '6177': 6, '6178': 12, '6179': 41, '6180': 10, '6181': 7, '6182': 8, '6183': 25, '6184': 5, '6187': 12, '6188': 4, '6189': 4, '6190': 5, '6191': 33, '6192': 13, '6193': 14, '6194': 27, '6195': 56, '6196': 12, '6198': 6, '6199': 1, '6200': 38, '6202': 24, '6204': 17, '6205': 278, '6206': 15, '6207': 23, '6208': 7, '6209': 12, '6210': 24, '6211': 59, '6212': 97, '6213': 26, '6214': 15, '6215': 1, '6216': 4, '6217': 3, '6218': 34, '6219': 21, '6220': 65, '6221': 1, '6222': 5, '6223': 3, '6224': 9, '6225': 9, '6226': 30, '6227': 114, '6228': 23, '6229': 90, '6230': 165, '6231': 54, '6232': 2, '6233': 98, '6234': 92, '6235': 2, '6236': 67, '6237': 1, '6238': 26, '6239': 16, '6240': 31, '6241': 51, '6242': 2, '6243': 237, '6244': 46, '6245': 30, '6246': 135, '6247': 52, '6248': 39, '6249': 21, '6250': 23, '6251': 751, '6252': 358, '6253': 71, '6254': 19, '6255': 3, '6256': 76, '6257': 91, '6258': 77, '6259': 9, '6260': 47, '6261': 2, '6262': 2, '6263': 139, '6264': 30, '6265': 21, '6266': 1, '6267': 4, '6268': 30, '6269': 2, '6270': 22, '6271': 3, '6272': 13, '6273': 10, '6274': 3, '6275': 2, '6276': 1, '6277': 60, '6279': 16, '6280': 11, '6281': 1072, '6282': 47, '6283': 99, '6285': 42, '6286': 22, '6287': 143, '6288': 10, '6289': 39, '6290': 148, '6291': 109, '6292': 48, '6293': 77, '6294': 28, '6295': 69, '6296': 15, '6297': 41, '6298': 15, '6299': 10, '6300': 11, '6301': 50, '6302': 10, '6303': 39, '6304': 64, '6305': 7, '6306': 1, '6307': 3, '6308': 1, '6309': 15, '6310': 8, '6311': 8, '6312': 1, '6313': 1, '6314': 9, '6315': 1, '6316': 9, '6317': 361, '6318': 112, '6319': 13, '6320': 11, '6321': 28, '6322': 84, '6323': 8, '6324': 49, '6325': 19, '6326': 4, '6327': 25, '6328': 8, '6329': 10, '6330': 1, '6331': 2, '6332': 65, '6333': 59, '6334': 72, '6335': 66, '6336': 56, '6337': 7, '6338': 15, '6339': 103, '6340': 101, '6341': 16, '6342': 61, '6344': 33, '6345': 17, '6347': 20, '6348': 22, '6349': 10, '6350': 18, '6351': 194, '6352': 187, '6353': 9, '6354': 21, '6355': 50, '6356': 363, '6357': 132, '6358': 8, '6359': 23, '6360': 109, '6361': 11, '6362': 819, '6363': 202, '6364': 5, '6365': 160, '6366': 63, '6367': 42, '6368': 338, '6369': 9, '6370': 3, '6371': 20, '7019': 152, '7020': 12, '7021': 27, '7022': 14, '7023': 92, '7024': 7}}
2024-10-01 11:02:12,712 - INFO - total classifications: 406
2024-10-01 13:08:18,111 - INFO - keys: 1200
2024-10-01 13:08:18,112 - INFO - keys: 1203
2024-10-01 13:08:18,112 - INFO - keys: 1204
2024-10-01 13:08:18,112 - INFO - keys: 1206
2024-10-01 13:08:18,112 - INFO - keys: 1209
2024-10-01 13:08:18,113 - INFO - keys: 1210
2024-10-01 13:08:18,113 - INFO - keys: 1211
2024-10-01 13:08:18,113 - INFO - keys: 1212
2024-10-01 13:08:18,113 - INFO - keys: 1214
2024-10-01 13:08:18,113 - INFO - keys: 1216
2024-10-01 13:08:18,113 - INFO - keys: 1220
2024-10-01 13:08:18,113 - INFO - keys: 1223
2024-10-01 13:08:18,114 - INFO - keys: 1225
2024-10-01 13:08:18,114 - INFO - keys: 1303
2024-10-01 13:08:18,114 - INFO - keys: 1313
2024-10-01 13:08:18,114 - INFO - keys: 1315
2024-10-01 13:08:18,114 - INFO - keys: 1328
2024-10-01 13:08:18,114 - INFO - keys: 1332
2024-10-01 13:08:18,115 - INFO - keys: 1345
2024-10-01 13:08:18,115 - INFO - keys: 1350
2024-10-01 13:08:18,115 - INFO - keys: 1352
2024-10-01 13:08:18,115 - INFO - keys: 1353
2024-10-01 13:08:18,115 - INFO - keys: 1372
2024-10-01 13:08:18,116 - INFO - keys: 1378
2024-10-01 13:08:18,116 - INFO - keys: 1387
2024-10-01 13:08:18,116 - INFO - keys: 1392
2024-10-01 13:08:18,116 - INFO - keys: 1404
2024-10-01 13:08:18,116 - INFO - keys: 1405
2024-10-01 13:08:18,117 - INFO - keys: 1406
2024-10-01 13:08:18,117 - INFO - keys: 1409
2024-10-01 13:08:18,117 - INFO - keys: 1410
2024-10-01 13:08:18,117 - INFO - keys: 1411
2024-10-01 13:08:18,117 - INFO - keys: 1415
2024-10-01 13:08:18,118 - INFO - keys: 1429
2024-10-01 13:08:18,118 - INFO - keys: 1431
2024-10-01 13:08:18,118 - INFO - keys: 1467
2024-10-01 13:08:18,118 - INFO - keys: 1468
2024-10-01 13:08:18,118 - INFO - keys: 1470
2024-10-01 13:08:18,118 - INFO - keys: 1499
2024-10-01 13:08:18,119 - INFO - keys: 1537
2024-10-01 13:08:18,119 - INFO - keys: 1542
2024-10-01 13:08:18,119 - INFO - keys: 1544
2024-10-01 13:08:18,119 - INFO - keys: 1549
2024-10-01 13:08:18,119 - INFO - keys: 6001
2024-10-01 13:08:18,119 - INFO - keys: 6002
2024-10-01 13:08:18,120 - INFO - keys: 6003
2024-10-01 13:08:18,120 - INFO - keys: 6004
2024-10-01 13:08:18,120 - INFO - keys: 6005
2024-10-01 13:08:18,120 - INFO - keys: 6006
2024-10-01 13:08:18,120 - INFO - keys: 6007
2024-10-01 13:08:18,120 - INFO - keys: 6008
2024-10-01 13:08:18,120 - INFO - keys: 6009
2024-10-01 13:08:18,121 - INFO - keys: 6010
2024-10-01 13:08:18,121 - INFO - keys: 6011
2024-10-01 13:08:18,121 - INFO - keys: 6012
2024-10-01 13:08:18,121 - INFO - keys: 6013
2024-10-01 13:08:18,121 - INFO - keys: 6014
2024-10-01 13:08:18,122 - INFO - keys: 6015
2024-10-01 13:08:18,122 - INFO - keys: 6016
2024-10-01 13:08:18,122 - INFO - keys: 6017
2024-10-01 13:08:18,122 - INFO - keys: 6018
2024-10-01 13:08:18,122 - INFO - keys: 6019
2024-10-01 13:08:18,123 - INFO - keys: 6020
2024-10-01 13:08:18,123 - INFO - keys: 6021
2024-10-01 13:08:18,123 - INFO - keys: 6022
2024-10-01 13:08:18,123 - INFO - keys: 6023
2024-10-01 13:08:18,123 - INFO - keys: 6024
2024-10-01 13:08:18,124 - INFO - keys: 6025
2024-10-01 13:08:18,124 - INFO - keys: 6026
2024-10-01 13:08:18,124 - INFO - keys: 6027
2024-10-01 13:08:18,124 - INFO - keys: 6028
2024-10-01 13:08:18,124 - INFO - keys: 6029
2024-10-01 13:08:18,125 - INFO - keys: 6030
2024-10-01 13:08:18,125 - INFO - keys: 6031
2024-10-01 13:08:18,125 - INFO - keys: 6032
2024-10-01 13:08:18,125 - INFO - keys: 6033
2024-10-01 13:08:18,125 - INFO - keys: 6034
2024-10-01 13:08:18,125 - INFO - keys: 6035
2024-10-01 13:08:18,126 - INFO - keys: 6036
2024-10-01 13:08:18,126 - INFO - keys: 6037
2024-10-01 13:08:18,126 - INFO - keys: 6038
2024-10-01 13:08:18,126 - INFO - keys: 6039
2024-10-01 13:08:18,126 - INFO - keys: 6040
2024-10-01 13:08:18,126 - INFO - keys: 6041
2024-10-01 13:08:18,126 - INFO - keys: 6042
2024-10-01 13:08:18,127 - INFO - keys: 6043
2024-10-01 13:08:18,127 - INFO - keys: 6044
2024-10-01 13:08:18,127 - INFO - keys: 6045
2024-10-01 13:08:18,127 - INFO - keys: 6046
2024-10-01 13:08:18,127 - INFO - keys: 6047
2024-10-01 13:08:18,128 - INFO - keys: 6048
2024-10-01 13:08:18,128 - INFO - keys: 6049
2024-10-01 13:08:18,128 - INFO - keys: 6050
2024-10-01 13:08:18,128 - INFO - keys: 6051
2024-10-01 13:08:18,128 - INFO - keys: 6052
2024-10-01 13:08:18,129 - INFO - keys: 6053
2024-10-01 13:08:18,129 - INFO - keys: 6054
2024-10-01 13:08:18,129 - INFO - keys: 6055
2024-10-01 13:08:18,129 - INFO - keys: 6056
2024-10-01 13:08:18,129 - INFO - keys: 6057
2024-10-01 13:08:18,130 - INFO - keys: 6058
2024-10-01 13:08:18,130 - INFO - keys: 6059
2024-10-01 13:08:18,130 - INFO - keys: 6060
2024-10-01 13:08:18,130 - INFO - keys: 6061
2024-10-01 13:08:18,131 - INFO - keys: 6062
2024-10-01 13:08:18,131 - INFO - keys: 6063
2024-10-01 13:08:18,131 - INFO - keys: 6064
2024-10-01 13:08:18,131 - INFO - keys: 6065
2024-10-01 13:08:18,131 - INFO - keys: 6066
2024-10-01 13:08:18,131 - INFO - keys: 6068
2024-10-01 13:08:18,132 - INFO - keys: 6070
2024-10-01 13:08:18,132 - INFO - keys: 6071
2024-10-01 13:08:18,132 - INFO - keys: 6072
2024-10-01 13:08:18,132 - INFO - keys: 6073
2024-10-01 13:08:18,132 - INFO - keys: 6074
2024-10-01 13:08:18,133 - INFO - keys: 6076
2024-10-01 13:08:18,133 - INFO - keys: 6077
2024-10-01 13:08:18,133 - INFO - keys: 6078
2024-10-01 13:08:18,133 - INFO - keys: 6079
2024-10-01 13:08:18,133 - INFO - keys: 6080
2024-10-01 13:08:18,134 - INFO - keys: 6081
2024-10-01 13:08:18,134 - INFO - keys: 6082
2024-10-01 13:08:18,134 - INFO - keys: 6083
2024-10-01 13:08:18,134 - INFO - keys: 6084
2024-10-01 13:08:18,134 - INFO - keys: 6085
2024-10-01 13:08:18,134 - INFO - keys: 6086
2024-10-01 13:08:18,135 - INFO - keys: 6087
2024-10-01 13:08:18,135 - INFO - keys: 6088
2024-10-01 13:08:18,135 - INFO - keys: 6089
2024-10-01 13:08:18,135 - INFO - keys: 6090
2024-10-01 13:08:18,135 - INFO - keys: 6091
2024-10-01 13:08:18,135 - INFO - keys: 6092
2024-10-01 13:08:18,136 - INFO - keys: 6093
2024-10-01 13:08:18,136 - INFO - keys: 6094
2024-10-01 13:08:18,136 - INFO - keys: 6095
2024-10-01 13:08:18,136 - INFO - keys: 6096
2024-10-01 13:08:18,136 - INFO - keys: 6097
2024-10-01 13:08:18,137 - INFO - keys: 6098
2024-10-01 13:08:18,137 - INFO - keys: 6099
2024-10-01 13:08:18,137 - INFO - keys: 6100
2024-10-01 13:08:18,137 - INFO - keys: 6101
2024-10-01 13:08:18,138 - INFO - keys: 6102
2024-10-01 13:08:18,138 - INFO - keys: 6103
2024-10-01 13:08:18,138 - INFO - keys: 6104
2024-10-01 13:08:18,138 - INFO - keys: 6105
2024-10-01 13:08:18,138 - INFO - keys: 6106
2024-10-01 13:08:18,139 - INFO - keys: 6107
2024-10-01 13:08:18,139 - INFO - keys: 6108
2024-10-01 13:08:18,139 - INFO - keys: 6109
2024-10-01 13:08:18,139 - INFO - keys: 6110
2024-10-01 13:08:18,139 - INFO - keys: 6111
2024-10-01 13:08:18,139 - INFO - keys: 6112
2024-10-01 13:08:18,140 - INFO - keys: 6113
2024-10-01 13:08:18,140 - INFO - keys: 6114
2024-10-01 13:08:18,140 - INFO - keys: 6115
2024-10-01 13:08:18,140 - INFO - keys: 6116
2024-10-01 13:08:18,140 - INFO - keys: 6117
2024-10-01 13:08:18,141 - INFO - keys: 6118
2024-10-01 13:08:18,141 - INFO - keys: 6119
2024-10-01 13:08:18,141 - INFO - keys: 6120
2024-10-01 13:08:18,141 - INFO - keys: 6121
2024-10-01 13:08:18,141 - INFO - keys: 6122
2024-10-01 13:08:18,141 - INFO - keys: 6123
2024-10-01 13:08:18,142 - INFO - keys: 6124
2024-10-01 13:08:18,142 - INFO - keys: 6125
2024-10-01 13:08:18,143 - INFO - keys: 6126
2024-10-01 13:08:18,143 - INFO - keys: 6127
2024-10-01 13:08:18,143 - INFO - keys: 6128
2024-10-01 13:08:18,143 - INFO - keys: 6129
2024-10-01 13:08:18,143 - INFO - keys: 6130
2024-10-01 13:08:18,144 - INFO - keys: 6131
2024-10-01 13:08:18,144 - INFO - keys: 6132
2024-10-01 13:08:18,144 - INFO - keys: 6133
2024-10-01 13:08:18,144 - INFO - keys: 6134
2024-10-01 13:08:18,144 - INFO - keys: 6135
2024-10-01 13:08:18,144 - INFO - keys: 6136
2024-10-01 13:08:18,145 - INFO - keys: 6137
2024-10-01 13:08:18,145 - INFO - keys: 6138
2024-10-01 13:08:18,145 - INFO - keys: 6139
2024-10-01 13:08:18,145 - INFO - keys: 6140
2024-10-01 13:08:18,145 - INFO - keys: 6141
2024-10-01 13:08:18,146 - INFO - keys: 6142
2024-10-01 13:08:18,146 - INFO - keys: 6143
2024-10-01 13:08:18,146 - INFO - keys: 6144
2024-10-01 13:08:18,146 - INFO - keys: 6145
2024-10-01 13:08:18,146 - INFO - keys: 6146
2024-10-01 13:08:18,147 - INFO - keys: 6147
2024-10-01 13:08:18,147 - INFO - keys: 6149
2024-10-01 13:08:18,147 - INFO - keys: 6150
2024-10-01 13:08:18,147 - INFO - keys: 6151
2024-10-01 13:08:18,147 - INFO - keys: 6152
2024-10-01 13:08:18,148 - INFO - keys: 6154
2024-10-01 13:08:18,148 - INFO - keys: 6155
2024-10-01 13:08:18,148 - INFO - keys: 6156
2024-10-01 13:08:18,148 - INFO - keys: 6157
2024-10-01 13:08:18,148 - INFO - keys: 6158
2024-10-01 13:08:18,148 - INFO - keys: 6159
2024-10-01 13:08:18,149 - INFO - keys: 6160
2024-10-01 13:08:18,149 - INFO - keys: 6161
2024-10-01 13:08:18,149 - INFO - keys: 6162
2024-10-01 13:08:18,149 - INFO - keys: 6163
2024-10-01 13:08:18,149 - INFO - keys: 6164
2024-10-01 13:08:18,149 - INFO - keys: 6165
2024-10-01 13:08:18,150 - INFO - keys: 6166
2024-10-01 13:08:18,150 - INFO - keys: 6167
2024-10-01 13:08:18,150 - INFO - keys: 6168
2024-10-01 13:08:18,150 - INFO - keys: 6169
2024-10-01 13:08:18,151 - INFO - keys: 6170
2024-10-01 13:08:18,151 - INFO - keys: 6171
2024-10-01 13:08:18,151 - INFO - keys: 6172
2024-10-01 13:08:18,151 - INFO - keys: 6173
2024-10-01 13:08:18,151 - INFO - keys: 6174
2024-10-01 13:08:18,152 - INFO - keys: 6175
2024-10-01 13:08:18,152 - INFO - keys: 6176
2024-10-01 13:08:18,152 - INFO - keys: 6177
2024-10-01 13:08:18,152 - INFO - keys: 6178
2024-10-01 13:08:18,152 - INFO - keys: 6179
2024-10-01 13:08:18,153 - INFO - keys: 6180
2024-10-01 13:08:18,153 - INFO - keys: 6181
2024-10-01 13:08:18,153 - INFO - keys: 6182
2024-10-01 13:08:18,153 - INFO - keys: 6183
2024-10-01 13:08:18,153 - INFO - keys: 6184
2024-10-01 13:08:18,153 - INFO - keys: 6186
2024-10-01 13:08:18,154 - INFO - keys: 6187
2024-10-01 13:08:18,154 - INFO - keys: 6188
2024-10-01 13:08:18,154 - INFO - keys: 6189
2024-10-01 13:08:18,154 - INFO - keys: 6190
2024-10-01 13:08:18,154 - INFO - keys: 6191
2024-10-01 13:08:18,154 - INFO - keys: 6192
2024-10-01 13:08:18,155 - INFO - keys: 6193
2024-10-01 13:08:18,155 - INFO - keys: 6194
2024-10-01 13:08:18,155 - INFO - keys: 6195
2024-10-01 13:08:18,155 - INFO - keys: 6196
2024-10-01 13:08:18,155 - INFO - keys: 6198
2024-10-01 13:08:18,156 - INFO - keys: 6199
2024-10-01 13:08:18,156 - INFO - keys: 6200
2024-10-01 13:08:18,156 - INFO - keys: 6202
2024-10-01 13:08:18,156 - INFO - keys: 6204
2024-10-01 13:08:18,156 - INFO - keys: 6205
2024-10-01 13:08:18,157 - INFO - keys: 6206
2024-10-01 13:08:18,157 - INFO - keys: 6207
2024-10-01 13:08:18,157 - INFO - keys: 6208
2024-10-01 13:08:18,157 - INFO - keys: 6209
2024-10-01 13:08:18,157 - INFO - keys: 6210
2024-10-01 13:08:18,157 - INFO - keys: 6211
2024-10-01 13:08:18,158 - INFO - keys: 6212
2024-10-01 13:08:18,158 - INFO - keys: 6213
2024-10-01 13:08:18,158 - INFO - keys: 6214
2024-10-01 13:08:18,158 - INFO - keys: 6215
2024-10-01 13:08:18,158 - INFO - keys: 6216
2024-10-01 13:08:18,159 - INFO - keys: 6217
2024-10-01 13:08:18,159 - INFO - keys: 6218
2024-10-01 13:08:18,159 - INFO - keys: 6219
2024-10-01 13:08:18,160 - INFO - keys: 6220
2024-10-01 13:08:18,160 - INFO - keys: 6221
2024-10-01 13:08:18,160 - INFO - keys: 6222
2024-10-01 13:08:18,160 - INFO - keys: 6223
2024-10-01 13:08:18,160 - INFO - keys: 6224
2024-10-01 13:08:18,161 - INFO - keys: 6225
2024-10-01 13:08:18,161 - INFO - keys: 6226
2024-10-01 13:08:18,161 - INFO - keys: 6227
2024-10-01 13:08:18,161 - INFO - keys: 6228
2024-10-01 13:08:18,162 - INFO - keys: 6229
2024-10-01 13:08:18,162 - INFO - keys: 6230
2024-10-01 13:08:18,162 - INFO - keys: 6231
2024-10-01 13:08:18,162 - INFO - keys: 6232
2024-10-01 13:08:18,162 - INFO - keys: 6233
2024-10-01 13:08:18,162 - INFO - keys: 6234
2024-10-01 13:08:18,163 - INFO - keys: 6235
2024-10-01 13:08:18,163 - INFO - keys: 6236
2024-10-01 13:08:18,163 - INFO - keys: 6237
2024-10-01 13:08:18,163 - INFO - keys: 6238
2024-10-01 13:08:18,164 - INFO - keys: 6239
2024-10-01 13:08:18,164 - INFO - keys: 6240
2024-10-01 13:08:18,164 - INFO - keys: 6241
2024-10-01 13:08:18,164 - INFO - keys: 6242
2024-10-01 13:08:18,164 - INFO - keys: 6243
2024-10-01 13:08:18,164 - INFO - keys: 6244
2024-10-01 13:08:18,165 - INFO - keys: 6245
2024-10-01 13:08:18,165 - INFO - keys: 6246
2024-10-01 13:08:18,165 - INFO - keys: 6247
2024-10-01 13:08:18,165 - INFO - keys: 6248
2024-10-01 13:08:18,165 - INFO - keys: 6249
2024-10-01 13:08:18,166 - INFO - keys: 6250
2024-10-01 13:08:18,166 - INFO - keys: 6251
2024-10-01 13:08:18,166 - INFO - keys: 6252
2024-10-01 13:08:18,166 - INFO - keys: 6253
2024-10-01 13:08:18,166 - INFO - keys: 6254
2024-10-01 13:08:18,167 - INFO - keys: 6255
2024-10-01 13:08:18,167 - INFO - keys: 6256
2024-10-01 13:08:18,167 - INFO - keys: 6257
2024-10-01 13:08:18,167 - INFO - keys: 6258
2024-10-01 13:08:18,167 - INFO - keys: 6259
2024-10-01 13:08:18,168 - INFO - keys: 6260
2024-10-01 13:08:18,168 - INFO - keys: 6261
2024-10-01 13:08:18,168 - INFO - keys: 6262
2024-10-01 13:08:18,168 - INFO - keys: 6263
2024-10-01 13:08:18,168 - INFO - keys: 6264
2024-10-01 13:08:18,169 - INFO - keys: 6265
2024-10-01 13:08:18,169 - INFO - keys: 6266
2024-10-01 13:08:18,169 - INFO - keys: 6267
2024-10-01 13:08:18,169 - INFO - keys: 6268
2024-10-01 13:08:18,169 - INFO - keys: 6269
2024-10-01 13:08:18,169 - INFO - keys: 6270
2024-10-01 13:08:18,170 - INFO - keys: 6271
2024-10-01 13:08:18,170 - INFO - keys: 6272
2024-10-01 13:08:18,170 - INFO - keys: 6273
2024-10-01 13:08:18,171 - INFO - keys: 6274
2024-10-01 13:08:18,171 - INFO - keys: 6275
2024-10-01 13:08:18,171 - INFO - keys: 6276
2024-10-01 13:08:18,171 - INFO - keys: 6277
2024-10-01 13:08:18,171 - INFO - keys: 6279
2024-10-01 13:08:18,171 - INFO - keys: 6280
2024-10-01 13:08:18,172 - INFO - keys: 6281
2024-10-01 13:08:18,172 - INFO - keys: 6282
2024-10-01 13:08:18,172 - INFO - keys: 6283
2024-10-01 13:08:18,172 - INFO - keys: 6285
2024-10-01 13:08:18,172 - INFO - keys: 6286
2024-10-01 13:08:18,173 - INFO - keys: 6287
2024-10-01 13:08:18,173 - INFO - keys: 6288
2024-10-01 13:08:18,173 - INFO - keys: 6289
2024-10-01 13:08:18,173 - INFO - keys: 6290
2024-10-01 13:08:18,173 - INFO - keys: 6291
2024-10-01 13:08:18,173 - INFO - keys: 6292
2024-10-01 13:08:18,173 - INFO - keys: 6293
2024-10-01 13:08:18,174 - INFO - keys: 6294
2024-10-01 13:08:18,174 - INFO - keys: 6295
2024-10-01 13:08:18,174 - INFO - keys: 6296
2024-10-01 13:08:18,174 - INFO - keys: 6297
2024-10-01 13:08:18,174 - INFO - keys: 6298
2024-10-01 13:08:18,175 - INFO - keys: 6299
2024-10-01 13:08:18,175 - INFO - keys: 6300
2024-10-01 13:08:18,176 - INFO - keys: 6301
2024-10-01 13:08:18,176 - INFO - keys: 6302
2024-10-01 13:08:18,176 - INFO - keys: 6303
2024-10-01 13:08:18,176 - INFO - keys: 6304
2024-10-01 13:08:18,177 - INFO - keys: 6305
2024-10-01 13:08:18,177 - INFO - keys: 6306
2024-10-01 13:08:18,177 - INFO - keys: 6307
2024-10-01 13:08:18,178 - INFO - keys: 6308
2024-10-01 13:08:18,178 - INFO - keys: 6309
2024-10-01 13:08:18,178 - INFO - keys: 6310
2024-10-01 13:08:18,178 - INFO - keys: 6311
2024-10-01 13:08:18,179 - INFO - keys: 6312
2024-10-01 13:08:18,179 - INFO - keys: 6313
2024-10-01 13:08:18,179 - INFO - keys: 6314
2024-10-01 13:08:18,179 - INFO - keys: 6315
2024-10-01 13:08:18,179 - INFO - keys: 6316
2024-10-01 13:08:18,180 - INFO - keys: 6317
2024-10-01 13:08:18,180 - INFO - keys: 6318
2024-10-01 13:08:18,180 - INFO - keys: 6319
2024-10-01 13:08:18,180 - INFO - keys: 6320
2024-10-01 13:08:18,180 - INFO - keys: 6321
2024-10-01 13:08:18,180 - INFO - keys: 6322
2024-10-01 13:08:18,181 - INFO - keys: 6323
2024-10-01 13:08:18,181 - INFO - keys: 6324
2024-10-01 13:08:18,181 - INFO - keys: 6325
2024-10-01 13:08:18,181 - INFO - keys: 6326
2024-10-01 13:08:18,181 - INFO - keys: 6327
2024-10-01 13:08:18,181 - INFO - keys: 6328
2024-10-01 13:08:18,181 - INFO - keys: 6329
2024-10-01 13:08:18,182 - INFO - keys: 6330
2024-10-01 13:08:18,182 - INFO - keys: 6331
2024-10-01 13:08:18,182 - INFO - keys: 6332
2024-10-01 13:08:18,182 - INFO - keys: 6333
2024-10-01 13:08:18,182 - INFO - keys: 6334
2024-10-01 13:08:18,182 - INFO - keys: 6335
2024-10-01 13:08:18,183 - INFO - keys: 6336
2024-10-01 13:08:18,183 - INFO - keys: 6337
2024-10-01 13:08:18,183 - INFO - keys: 6338
2024-10-01 13:08:18,183 - INFO - keys: 6339
2024-10-01 13:08:18,183 - INFO - keys: 6340
2024-10-01 13:08:18,183 - INFO - keys: 6341
2024-10-01 13:08:18,184 - INFO - keys: 6342
2024-10-01 13:08:18,184 - INFO - keys: 6344
2024-10-01 13:08:18,184 - INFO - keys: 6345
2024-10-01 13:08:18,184 - INFO - keys: 6347
2024-10-01 13:08:18,184 - INFO - keys: 6348
2024-10-01 13:08:18,185 - INFO - keys: 6349
2024-10-01 13:08:18,185 - INFO - keys: 6350
2024-10-01 13:08:18,185 - INFO - keys: 6351
2024-10-01 13:08:18,185 - INFO - keys: 6352
2024-10-01 13:08:18,185 - INFO - keys: 6353
2024-10-01 13:08:18,186 - INFO - keys: 6354
2024-10-01 13:08:18,186 - INFO - keys: 6355
2024-10-01 13:08:18,186 - INFO - keys: 6356
2024-10-01 13:08:18,186 - INFO - keys: 6357
2024-10-01 13:08:18,186 - INFO - keys: 6358
2024-10-01 13:08:18,186 - INFO - keys: 6359
2024-10-01 13:08:18,187 - INFO - keys: 6360
2024-10-01 13:08:18,187 - INFO - keys: 6361
2024-10-01 13:08:18,187 - INFO - keys: 6362
2024-10-01 13:08:18,187 - INFO - keys: 6363
2024-10-01 13:08:18,187 - INFO - keys: 6364
2024-10-01 13:08:18,188 - INFO - keys: 6365
2024-10-01 13:08:18,188 - INFO - keys: 6366
2024-10-01 13:08:18,188 - INFO - keys: 6367
2024-10-01 13:08:18,188 - INFO - keys: 6368
2024-10-01 13:08:18,188 - INFO - keys: 6369
2024-10-01 13:08:18,189 - INFO - keys: 6370
2024-10-01 13:08:18,189 - INFO - keys: 6371
2024-10-01 13:08:18,189 - INFO - keys: 7019
2024-10-01 13:08:18,189 - INFO - keys: 7020
2024-10-01 13:08:18,189 - INFO - keys: 7021
2024-10-01 13:08:18,189 - INFO - keys: 7022
2024-10-01 13:08:18,190 - INFO - keys: 7023
2024-10-01 13:08:18,190 - INFO - keys: 7024
2024-10-01 13:08:29,958 - INFO - 1200
2024-10-01 13:08:29,959 - INFO - 1203
2024-10-01 13:08:29,959 - INFO - 1204
2024-10-01 13:08:29,959 - INFO - 1206
2024-10-01 13:08:29,959 - INFO - 1209
2024-10-01 13:08:29,960 - INFO - 1210
2024-10-01 13:08:29,960 - INFO - 1211
2024-10-01 13:08:29,960 - INFO - 1212
2024-10-01 13:08:29,960 - INFO - 1214
2024-10-01 13:08:29,960 - INFO - 1216
2024-10-01 13:08:29,961 - INFO - 1220
2024-10-01 13:08:29,961 - INFO - 1223
2024-10-01 13:08:29,961 - INFO - 1225
2024-10-01 13:08:29,961 - INFO - 1303
2024-10-01 13:08:29,961 - INFO - 1313
2024-10-01 13:08:29,962 - INFO - 1315
2024-10-01 13:08:29,962 - INFO - 1328
2024-10-01 13:08:29,962 - INFO - 1332
2024-10-01 13:08:29,963 - INFO - 1345
2024-10-01 13:08:29,963 - INFO - 1350
2024-10-01 13:08:29,963 - INFO - 1352
2024-10-01 13:08:29,963 - INFO - 1353
2024-10-01 13:08:29,963 - INFO - 1372
2024-10-01 13:08:29,964 - INFO - 1378
2024-10-01 13:08:29,964 - INFO - 1387
2024-10-01 13:08:29,964 - INFO - 1392
2024-10-01 13:08:29,965 - INFO - 1404
2024-10-01 13:08:29,965 - INFO - 1405
2024-10-01 13:08:29,965 - INFO - 1406
2024-10-01 13:08:29,965 - INFO - 1409
2024-10-01 13:08:29,965 - INFO - 1410
2024-10-01 13:08:29,966 - INFO - 1411
2024-10-01 13:08:29,966 - INFO - 1415
2024-10-01 13:08:29,966 - INFO - 1429
2024-10-01 13:08:29,966 - INFO - 1431
2024-10-01 13:08:29,967 - INFO - 1467
2024-10-01 13:08:29,967 - INFO - 1468
2024-10-01 13:08:29,967 - INFO - 1470
2024-10-01 13:08:29,967 - INFO - 1499
2024-10-01 13:08:29,967 - INFO - 1537
2024-10-01 13:08:29,968 - INFO - 1542
2024-10-01 13:08:29,968 - INFO - 1544
2024-10-01 13:08:29,968 - INFO - 1549
2024-10-01 13:08:29,968 - INFO - 6001
2024-10-01 13:08:29,968 - INFO - 6002
2024-10-01 13:08:29,969 - INFO - 6003
2024-10-01 13:08:29,969 - INFO - 6004
2024-10-01 13:08:29,969 - INFO - 6005
2024-10-01 13:08:29,969 - INFO - 6006
2024-10-01 13:08:29,969 - INFO - 6007
2024-10-01 13:08:29,970 - INFO - 6008
2024-10-01 13:08:29,970 - INFO - 6009
2024-10-01 13:08:29,970 - INFO - 6010
2024-10-01 13:08:29,970 - INFO - 6011
2024-10-01 13:08:29,970 - INFO - 6012
2024-10-01 13:08:29,971 - INFO - 6013
2024-10-01 13:08:29,971 - INFO - 6014
2024-10-01 13:08:29,971 - INFO - 6015
2024-10-01 13:08:29,971 - INFO - 6016
2024-10-01 13:08:29,972 - INFO - 6017
2024-10-01 13:08:29,972 - INFO - 6018
2024-10-01 13:08:29,972 - INFO - 6019
2024-10-01 13:08:29,972 - INFO - 6020
2024-10-01 13:08:29,972 - INFO - 6021
2024-10-01 13:08:29,973 - INFO - 6022
2024-10-01 13:08:29,973 - INFO - 6023
2024-10-01 13:08:29,973 - INFO - 6024
2024-10-01 13:08:29,973 - INFO - 6025
2024-10-01 13:08:29,973 - INFO - 6026
2024-10-01 13:08:29,974 - INFO - 6027
2024-10-01 13:08:29,974 - INFO - 6028
2024-10-01 13:08:29,974 - INFO - 6029
2024-10-01 13:08:29,974 - INFO - 6030
2024-10-01 13:08:29,974 - INFO - 6031
2024-10-01 13:08:29,975 - INFO - 6032
2024-10-01 13:08:29,975 - INFO - 6033
2024-10-01 13:08:29,975 - INFO - 6034
2024-10-01 13:08:29,975 - INFO - 6035
2024-10-01 13:08:29,975 - INFO - 6036
2024-10-01 13:08:29,976 - INFO - 6037
2024-10-01 13:08:29,976 - INFO - 6038
2024-10-01 13:08:29,976 - INFO - 6039
2024-10-01 13:08:29,976 - INFO - 6040
2024-10-01 13:08:29,977 - INFO - 6041
2024-10-01 13:08:29,977 - INFO - 6042
2024-10-01 13:08:29,977 - INFO - 6043
2024-10-01 13:08:29,977 - INFO - 6044
2024-10-01 13:08:29,977 - INFO - 6045
2024-10-01 13:08:29,978 - INFO - 6046
2024-10-01 13:08:29,978 - INFO - 6047
2024-10-01 13:08:29,978 - INFO - 6048
2024-10-01 13:08:29,978 - INFO - 6049
2024-10-01 13:08:29,978 - INFO - 6050
2024-10-01 13:08:29,979 - INFO - 6051
2024-10-01 13:08:29,979 - INFO - 6052
2024-10-01 13:08:29,979 - INFO - 6053
2024-10-01 13:08:29,979 - INFO - 6054
2024-10-01 13:08:29,980 - INFO - 6055
2024-10-01 13:08:29,980 - INFO - 6056
2024-10-01 13:08:29,980 - INFO - 6057
2024-10-01 13:08:29,980 - INFO - 6058
2024-10-01 13:08:29,981 - INFO - 6059
2024-10-01 13:08:29,981 - INFO - 6060
2024-10-01 13:08:29,981 - INFO - 6061
2024-10-01 13:08:29,981 - INFO - 6062
2024-10-01 13:08:29,981 - INFO - 6063
2024-10-01 13:08:29,982 - INFO - 6064
2024-10-01 13:08:29,982 - INFO - 6065
2024-10-01 13:08:29,982 - INFO - 6066
2024-10-01 13:08:29,982 - INFO - 6068
2024-10-01 13:08:29,982 - INFO - 6070
2024-10-01 13:08:29,983 - INFO - 6071
2024-10-01 13:08:29,983 - INFO - 6072
2024-10-01 13:08:29,983 - INFO - 6073
2024-10-01 13:08:29,983 - INFO - 6074
2024-10-01 13:08:29,983 - INFO - 6076
2024-10-01 13:08:29,984 - INFO - 6077
2024-10-01 13:08:29,984 - INFO - 6078
2024-10-01 13:08:29,984 - INFO - 6079
2024-10-01 13:08:29,984 - INFO - 6080
2024-10-01 13:08:29,984 - INFO - 6081
2024-10-01 13:08:29,985 - INFO - 6082
2024-10-01 13:08:29,985 - INFO - 6083
2024-10-01 13:08:29,985 - INFO - 6084
2024-10-01 13:08:29,985 - INFO - 6085
2024-10-01 13:08:29,986 - INFO - 6086
2024-10-01 13:08:29,986 - INFO - 6087
2024-10-01 13:08:29,986 - INFO - 6088
2024-10-01 13:08:29,986 - INFO - 6089
2024-10-01 13:08:29,986 - INFO - 6090
2024-10-01 13:08:29,987 - INFO - 6091
2024-10-01 13:08:29,987 - INFO - 6092
2024-10-01 13:08:29,987 - INFO - 6093
2024-10-01 13:08:29,987 - INFO - 6094
2024-10-01 13:08:29,987 - INFO - 6095
2024-10-01 13:08:29,988 - INFO - 6096
2024-10-01 13:08:29,988 - INFO - 6097
2024-10-01 13:08:29,988 - INFO - 6098
2024-10-01 13:08:29,988 - INFO - 6099
2024-10-01 13:08:29,988 - INFO - 6100
2024-10-01 13:08:29,989 - INFO - 6101
2024-10-01 13:08:29,989 - INFO - 6102
2024-10-01 13:08:29,990 - INFO - 6103
2024-10-01 13:08:29,990 - INFO - 6104
2024-10-01 13:08:29,990 - INFO - 6105
2024-10-01 13:08:29,990 - INFO - 6106
2024-10-01 13:08:29,990 - INFO - 6107
2024-10-01 13:08:29,991 - INFO - 6108
2024-10-01 13:08:29,991 - INFO - 6109
2024-10-01 13:08:29,991 - INFO - 6110
2024-10-01 13:08:29,991 - INFO - 6111
2024-10-01 13:08:29,991 - INFO - 6112
2024-10-01 13:08:29,992 - INFO - 6113
2024-10-01 13:08:29,992 - INFO - 6114
2024-10-01 13:08:29,992 - INFO - 6115
2024-10-01 13:08:29,992 - INFO - 6116
2024-10-01 13:08:29,992 - INFO - 6117
2024-10-01 13:08:29,992 - INFO - 6118
2024-10-01 13:08:29,993 - INFO - 6119
2024-10-01 13:08:29,993 - INFO - 6120
2024-10-01 13:08:29,993 - INFO - 6121
2024-10-01 13:08:29,993 - INFO - 6122
2024-10-01 13:08:29,993 - INFO - 6123
2024-10-01 13:08:29,994 - INFO - 6124
2024-10-01 13:08:29,994 - INFO - 6125
2024-10-01 13:08:29,994 - INFO - 6126
2024-10-01 13:08:29,994 - INFO - 6127
2024-10-01 13:08:29,995 - INFO - 6128
2024-10-01 13:08:29,995 - INFO - 6129
2024-10-01 13:08:29,995 - INFO - 6130
2024-10-01 13:08:29,995 - INFO - 6131
2024-10-01 13:08:29,995 - INFO - 6132
2024-10-01 13:08:29,996 - INFO - 6133
2024-10-01 13:08:29,996 - INFO - 6134
2024-10-01 13:08:29,996 - INFO - 6135
2024-10-01 13:08:29,996 - INFO - 6136
2024-10-01 13:08:29,996 - INFO - 6137
2024-10-01 13:08:29,997 - INFO - 6138
2024-10-01 13:08:29,997 - INFO - 6139
2024-10-01 13:08:29,997 - INFO - 6140
2024-10-01 13:08:29,997 - INFO - 6141
2024-10-01 13:08:29,998 - INFO - 6142
2024-10-01 13:08:29,998 - INFO - 6143
2024-10-01 13:08:29,998 - INFO - 6144
2024-10-01 13:08:29,998 - INFO - 6145
2024-10-01 13:08:29,998 - INFO - 6146
2024-10-01 13:08:29,999 - INFO - 6147
2024-10-01 13:08:29,999 - INFO - 6149
2024-10-01 13:08:29,999 - INFO - 6150
2024-10-01 13:08:29,999 - INFO - 6151
2024-10-01 13:08:29,999 - INFO - 6152
2024-10-01 13:08:30,000 - INFO - 6154
2024-10-01 13:08:30,000 - INFO - 6155
2024-10-01 13:08:30,000 - INFO - 6156
2024-10-01 13:08:30,000 - INFO - 6157
2024-10-01 13:08:30,000 - INFO - 6158
2024-10-01 13:08:30,001 - INFO - 6159
2024-10-01 13:08:30,001 - INFO - 6160
2024-10-01 13:08:30,001 - INFO - 6161
2024-10-01 13:08:30,001 - INFO - 6162
2024-10-01 13:08:30,001 - INFO - 6163
2024-10-01 13:08:30,002 - INFO - 6164
2024-10-01 13:08:30,002 - INFO - 6165
2024-10-01 13:08:30,002 - INFO - 6166
2024-10-01 13:08:30,002 - INFO - 6167
2024-10-01 13:08:30,002 - INFO - 6168
2024-10-01 13:08:30,003 - INFO - 6169
2024-10-01 13:08:30,003 - INFO - 6170
2024-10-01 13:08:30,003 - INFO - 6171
2024-10-01 13:08:30,003 - INFO - 6172
2024-10-01 13:08:30,003 - INFO - 6173
2024-10-01 13:08:30,004 - INFO - 6174
2024-10-01 13:08:30,004 - INFO - 6175
2024-10-01 13:08:30,004 - INFO - 6176
2024-10-01 13:08:30,004 - INFO - 6177
2024-10-01 13:08:30,005 - INFO - 6178
2024-10-01 13:08:30,005 - INFO - 6179
2024-10-01 13:08:30,005 - INFO - 6180
2024-10-01 13:08:30,005 - INFO - 6181
2024-10-01 13:08:30,006 - INFO - 6182
2024-10-01 13:08:30,006 - INFO - 6183
2024-10-01 13:08:30,006 - INFO - 6184
2024-10-01 13:08:30,006 - INFO - 6186
2024-10-01 13:08:30,006 - INFO - 6187
2024-10-01 13:08:30,007 - INFO - 6188
2024-10-01 13:08:30,007 - INFO - 6189
2024-10-01 13:08:30,007 - INFO - 6190
2024-10-01 13:08:30,007 - INFO - 6191
2024-10-01 13:08:30,008 - INFO - 6192
2024-10-01 13:08:30,008 - INFO - 6193
2024-10-01 13:08:30,008 - INFO - 6194
2024-10-01 13:08:30,008 - INFO - 6195
2024-10-01 13:08:30,008 - INFO - 6196
2024-10-01 13:08:30,009 - INFO - 6198
2024-10-01 13:08:30,009 - INFO - 6199
2024-10-01 13:08:30,009 - INFO - 6200
2024-10-01 13:08:30,009 - INFO - 6202
2024-10-01 13:08:30,009 - INFO - 6204
2024-10-01 13:08:30,009 - INFO - 6205
2024-10-01 13:08:30,010 - INFO - 6206
2024-10-01 13:08:30,010 - INFO - 6207
2024-10-01 13:08:30,010 - INFO - 6208
2024-10-01 13:08:30,010 - INFO - 6209
2024-10-01 13:08:30,011 - INFO - 6210
2024-10-01 13:08:30,011 - INFO - 6211
2024-10-01 13:08:30,011 - INFO - 6212
2024-10-01 13:08:30,011 - INFO - 6213
2024-10-01 13:08:30,011 - INFO - 6214
2024-10-01 13:08:30,012 - INFO - 6215
2024-10-01 13:08:30,012 - INFO - 6216
2024-10-01 13:08:30,012 - INFO - 6217
2024-10-01 13:08:30,012 - INFO - 6218
2024-10-01 13:08:30,012 - INFO - 6219
2024-10-01 13:08:30,013 - INFO - 6220
2024-10-01 13:08:30,013 - INFO - 6221
2024-10-01 13:08:30,013 - INFO - 6222
2024-10-01 13:08:30,013 - INFO - 6223
2024-10-01 13:08:30,013 - INFO - 6224
2024-10-01 13:08:30,014 - INFO - 6225
2024-10-01 13:08:30,014 - INFO - 6226
2024-10-01 13:08:30,014 - INFO - 6227
2024-10-01 13:08:30,014 - INFO - 6228
2024-10-01 13:08:30,014 - INFO - 6229
2024-10-01 13:08:30,014 - INFO - 6230
2024-10-01 13:08:30,015 - INFO - 6231
2024-10-01 13:08:30,015 - INFO - 6232
2024-10-01 13:08:30,015 - INFO - 6233
2024-10-01 13:08:30,015 - INFO - 6234
2024-10-01 13:08:30,015 - INFO - 6235
2024-10-01 13:08:30,016 - INFO - 6236
2024-10-01 13:08:30,016 - INFO - 6237
2024-10-01 13:08:30,016 - INFO - 6238
2024-10-01 13:08:30,016 - INFO - 6239
2024-10-01 13:08:30,016 - INFO - 6240
2024-10-01 13:08:30,016 - INFO - 6241
2024-10-01 13:08:30,017 - INFO - 6242
2024-10-01 13:08:30,017 - INFO - 6243
2024-10-01 13:08:30,017 - INFO - 6244
2024-10-01 13:08:30,017 - INFO - 6245
2024-10-01 13:08:30,017 - INFO - 6246
2024-10-01 13:08:30,018 - INFO - 6247
2024-10-01 13:08:30,018 - INFO - 6248
2024-10-01 13:08:30,018 - INFO - 6249
2024-10-01 13:08:30,018 - INFO - 6250
2024-10-01 13:08:30,018 - INFO - 6251
2024-10-01 13:08:30,019 - INFO - 6252
2024-10-01 13:08:30,019 - INFO - 6253
2024-10-01 13:08:30,019 - INFO - 6254
2024-10-01 13:08:30,019 - INFO - 6255
2024-10-01 13:08:30,019 - INFO - 6256
2024-10-01 13:08:30,020 - INFO - 6257
2024-10-01 13:08:30,020 - INFO - 6258
2024-10-01 13:08:30,020 - INFO - 6259
2024-10-01 13:08:30,020 - INFO - 6260
2024-10-01 13:08:30,020 - INFO - 6261
2024-10-01 13:08:30,021 - INFO - 6262
2024-10-01 13:08:30,021 - INFO - 6263
2024-10-01 13:08:30,021 - INFO - 6264
2024-10-01 13:08:30,021 - INFO - 6265
2024-10-01 13:08:30,021 - INFO - 6266
2024-10-01 13:08:30,022 - INFO - 6267
2024-10-01 13:08:30,022 - INFO - 6268
2024-10-01 13:08:30,022 - INFO - 6269
2024-10-01 13:08:30,022 - INFO - 6270
2024-10-01 13:08:30,022 - INFO - 6271
2024-10-01 13:08:30,022 - INFO - 6272
2024-10-01 13:08:30,023 - INFO - 6273
2024-10-01 13:08:30,023 - INFO - 6274
2024-10-01 13:08:30,023 - INFO - 6275
2024-10-01 13:08:30,023 - INFO - 6276
2024-10-01 13:08:30,023 - INFO - 6277
2024-10-01 13:08:30,024 - INFO - 6279
2024-10-01 13:08:30,024 - INFO - 6280
2024-10-01 13:08:30,024 - INFO - 6281
2024-10-01 13:08:30,024 - INFO - 6282
2024-10-01 13:08:30,024 - INFO - 6283
2024-10-01 13:08:30,025 - INFO - 6285
2024-10-01 13:08:30,025 - INFO - 6286
2024-10-01 13:08:30,025 - INFO - 6287
2024-10-01 13:08:30,025 - INFO - 6288
2024-10-01 13:08:30,025 - INFO - 6289
2024-10-01 13:08:30,026 - INFO - 6290
2024-10-01 13:08:30,026 - INFO - 6291
2024-10-01 13:08:30,026 - INFO - 6292
2024-10-01 13:08:30,026 - INFO - 6293
2024-10-01 13:08:30,027 - INFO - 6294
2024-10-01 13:08:30,027 - INFO - 6295
2024-10-01 13:08:30,027 - INFO - 6296
2024-10-01 13:08:30,027 - INFO - 6297
2024-10-01 13:08:30,027 - INFO - 6298
2024-10-01 13:08:30,028 - INFO - 6299
2024-10-01 13:08:30,028 - INFO - 6300
2024-10-01 13:08:30,028 - INFO - 6301
2024-10-01 13:08:30,028 - INFO - 6302
2024-10-01 13:08:30,029 - INFO - 6303
2024-10-01 13:08:30,029 - INFO - 6304
2024-10-01 13:08:30,029 - INFO - 6305
2024-10-01 13:08:30,029 - INFO - 6306
2024-10-01 13:08:30,029 - INFO - 6307
2024-10-01 13:08:30,030 - INFO - 6308
2024-10-01 13:08:30,030 - INFO - 6309
2024-10-01 13:08:30,030 - INFO - 6310
2024-10-01 13:08:30,030 - INFO - 6311
2024-10-01 13:08:30,030 - INFO - 6312
2024-10-01 13:08:30,031 - INFO - 6313
2024-10-01 13:08:30,031 - INFO - 6314
2024-10-01 13:08:30,031 - INFO - 6315
2024-10-01 13:08:30,031 - INFO - 6316
2024-10-01 13:08:30,031 - INFO - 6317
2024-10-01 13:08:30,031 - INFO - 6318
2024-10-01 13:08:30,031 - INFO - 6319
2024-10-01 13:08:30,032 - INFO - 6320
2024-10-01 13:08:30,032 - INFO - 6321
2024-10-01 13:08:30,032 - INFO - 6322
2024-10-01 13:08:30,032 - INFO - 6323
2024-10-01 13:08:30,032 - INFO - 6324
2024-10-01 13:08:30,033 - INFO - 6325
2024-10-01 13:08:30,033 - INFO - 6326
2024-10-01 13:08:30,033 - INFO - 6327
2024-10-01 13:08:30,033 - INFO - 6328
2024-10-01 13:08:30,033 - INFO - 6329
2024-10-01 13:08:30,034 - INFO - 6330
2024-10-01 13:08:30,034 - INFO - 6331
2024-10-01 13:08:30,034 - INFO - 6332
2024-10-01 13:08:30,034 - INFO - 6333
2024-10-01 13:08:30,034 - INFO - 6334
2024-10-01 13:08:30,035 - INFO - 6335
2024-10-01 13:08:30,035 - INFO - 6336
2024-10-01 13:08:30,035 - INFO - 6337
2024-10-01 13:08:30,035 - INFO - 6338
2024-10-01 13:08:30,035 - INFO - 6339
2024-10-01 13:08:30,036 - INFO - 6340
2024-10-01 13:08:30,036 - INFO - 6341
2024-10-01 13:08:30,036 - INFO - 6342
2024-10-01 13:08:30,036 - INFO - 6344
2024-10-01 13:08:30,036 - INFO - 6345
2024-10-01 13:08:30,037 - INFO - 6347
2024-10-01 13:08:30,037 - INFO - 6348
2024-10-01 13:08:30,037 - INFO - 6349
2024-10-01 13:08:30,037 - INFO - 6350
2024-10-01 13:08:30,037 - INFO - 6351
2024-10-01 13:08:30,037 - INFO - 6352
2024-10-01 13:08:30,037 - INFO - 6353
2024-10-01 13:08:30,038 - INFO - 6354
2024-10-01 13:08:30,038 - INFO - 6355
2024-10-01 13:08:30,038 - INFO - 6356
2024-10-01 13:08:30,038 - INFO - 6357
2024-10-01 13:08:30,038 - INFO - 6358
2024-10-01 13:08:30,038 - INFO - 6359
2024-10-01 13:08:30,039 - INFO - 6360
2024-10-01 13:08:30,039 - INFO - 6361
2024-10-01 13:08:30,039 - INFO - 6362
2024-10-01 13:08:30,039 - INFO - 6363
2024-10-01 13:08:30,039 - INFO - 6364
2024-10-01 13:08:30,040 - INFO - 6365
2024-10-01 13:08:30,040 - INFO - 6366
2024-10-01 13:08:30,040 - INFO - 6367
2024-10-01 13:08:30,040 - INFO - 6368
2024-10-01 13:08:30,040 - INFO - 6369
2024-10-01 13:08:30,041 - INFO - 6370
2024-10-01 13:08:30,041 - INFO - 6371
2024-10-01 13:08:30,041 - INFO - 7019
2024-10-01 13:08:30,041 - INFO - 7020
2024-10-01 13:08:30,041 - INFO - 7021
2024-10-01 13:08:30,042 - INFO - 7022
2024-10-01 13:08:30,042 - INFO - 7023
2024-10-01 13:08:30,042 - INFO - 7024
2024-10-01 13:09:00,840 - INFO - keys: 1200
2024-10-01 13:09:00,841 - INFO - keys: 1203
2024-10-01 13:09:00,841 - INFO - keys: 1204
2024-10-01 13:09:00,841 - INFO - keys: 1206
2024-10-01 13:09:00,841 - INFO - keys: 1209
2024-10-01 13:09:00,841 - INFO - keys: 1210
2024-10-01 13:09:00,842 - INFO - keys: 1211
2024-10-01 13:09:00,842 - INFO - keys: 1212
2024-10-01 13:09:00,842 - INFO - keys: 1214
2024-10-01 13:09:00,842 - INFO - keys: 1216
2024-10-01 13:09:00,842 - INFO - keys: 1220
2024-10-01 13:09:00,842 - INFO - keys: 1223
2024-10-01 13:09:00,842 - INFO - keys: 1225
2024-10-01 13:09:00,843 - INFO - keys: 1303
2024-10-01 13:09:00,843 - INFO - keys: 1313
2024-10-01 13:09:00,843 - INFO - keys: 1315
2024-10-01 13:09:00,843 - INFO - keys: 1328
2024-10-01 13:09:00,843 - INFO - keys: 1332
2024-10-01 13:09:00,843 - INFO - keys: 1345
2024-10-01 13:09:00,844 - INFO - keys: 1350
2024-10-01 13:09:00,844 - INFO - keys: 1352
2024-10-01 13:09:00,844 - INFO - keys: 1353
2024-10-01 13:09:00,844 - INFO - keys: 1372
2024-10-01 13:09:00,844 - INFO - keys: 1378
2024-10-01 13:09:00,845 - INFO - keys: 1387
2024-10-01 13:09:00,845 - INFO - keys: 1392
2024-10-01 13:09:00,845 - INFO - keys: 1404
2024-10-01 13:09:00,845 - INFO - keys: 1405
2024-10-01 13:09:00,845 - INFO - keys: 1406
2024-10-01 13:09:00,846 - INFO - keys: 1409
2024-10-01 13:09:00,846 - INFO - keys: 1410
2024-10-01 13:09:00,846 - INFO - keys: 1411
2024-10-01 13:09:00,846 - INFO - keys: 1415
2024-10-01 13:09:00,846 - INFO - keys: 1429
2024-10-01 13:09:00,846 - INFO - keys: 1431
2024-10-01 13:09:00,847 - INFO - keys: 1467
2024-10-01 13:09:00,847 - INFO - keys: 1468
2024-10-01 13:09:00,847 - INFO - keys: 1470
2024-10-01 13:09:00,847 - INFO - keys: 1499
2024-10-01 13:09:00,847 - INFO - keys: 1537
2024-10-01 13:09:00,848 - INFO - keys: 1542
2024-10-01 13:09:00,848 - INFO - keys: 1544
2024-10-01 13:09:00,848 - INFO - keys: 1549
2024-10-01 13:09:00,848 - INFO - keys: 6001
2024-10-01 13:09:00,849 - INFO - keys: 6002
2024-10-01 13:09:00,849 - INFO - keys: 6003
2024-10-01 13:09:00,849 - INFO - keys: 6004
2024-10-01 13:09:00,849 - INFO - keys: 6005
2024-10-01 13:09:00,849 - INFO - keys: 6006
2024-10-01 13:09:00,850 - INFO - keys: 6007
2024-10-01 13:09:00,850 - INFO - keys: 6008
2024-10-01 13:09:00,850 - INFO - keys: 6009
2024-10-01 13:09:00,850 - INFO - keys: 6010
2024-10-01 13:09:00,851 - INFO - keys: 6011
2024-10-01 13:09:00,851 - INFO - keys: 6012
2024-10-01 13:09:00,851 - INFO - keys: 6013
2024-10-01 13:09:00,851 - INFO - keys: 6014
2024-10-01 13:09:00,851 - INFO - keys: 6015
2024-10-01 13:09:00,852 - INFO - keys: 6016
2024-10-01 13:09:00,852 - INFO - keys: 6017
2024-10-01 13:09:00,852 - INFO - keys: 6018
2024-10-01 13:09:00,852 - INFO - keys: 6019
2024-10-01 13:09:00,852 - INFO - keys: 6020
2024-10-01 13:09:00,852 - INFO - keys: 6021
2024-10-01 13:09:00,852 - INFO - keys: 6022
2024-10-01 13:09:00,853 - INFO - keys: 6023
2024-10-01 13:09:00,853 - INFO - keys: 6024
2024-10-01 13:09:00,853 - INFO - keys: 6025
2024-10-01 13:09:00,853 - INFO - keys: 6026
2024-10-01 13:09:00,853 - INFO - keys: 6027
2024-10-01 13:09:00,854 - INFO - keys: 6028
2024-10-01 13:09:00,854 - INFO - keys: 6029
2024-10-01 13:09:00,854 - INFO - keys: 6030
2024-10-01 13:09:00,854 - INFO - keys: 6031
2024-10-01 13:09:00,854 - INFO - keys: 6032
2024-10-01 13:09:00,854 - INFO - keys: 6033
2024-10-01 13:09:00,855 - INFO - keys: 6034
2024-10-01 13:09:00,855 - INFO - keys: 6035
2024-10-01 13:09:00,855 - INFO - keys: 6036
2024-10-01 13:09:00,855 - INFO - keys: 6037
2024-10-01 13:09:00,856 - INFO - keys: 6038
2024-10-01 13:09:00,856 - INFO - keys: 6039
2024-10-01 13:09:00,856 - INFO - keys: 6040
2024-10-01 13:09:00,856 - INFO - keys: 6041
2024-10-01 13:09:00,856 - INFO - keys: 6042
2024-10-01 13:09:00,856 - INFO - keys: 6043
2024-10-01 13:09:00,857 - INFO - keys: 6044
2024-10-01 13:09:00,857 - INFO - keys: 6045
2024-10-01 13:09:00,857 - INFO - keys: 6046
2024-10-01 13:09:00,857 - INFO - keys: 6047
2024-10-01 13:09:00,857 - INFO - keys: 6048
2024-10-01 13:09:00,858 - INFO - keys: 6049
2024-10-01 13:09:00,858 - INFO - keys: 6050
2024-10-01 13:09:00,858 - INFO - keys: 6051
2024-10-01 13:09:00,858 - INFO - keys: 6052
2024-10-01 13:09:00,858 - INFO - keys: 6053
2024-10-01 13:09:00,859 - INFO - keys: 6054
2024-10-01 13:09:00,859 - INFO - keys: 6055
2024-10-01 13:09:00,859 - INFO - keys: 6056
2024-10-01 13:09:00,859 - INFO - keys: 6057
2024-10-01 13:09:00,860 - INFO - keys: 6058
2024-10-01 13:09:00,860 - INFO - keys: 6059
2024-10-01 13:09:00,860 - INFO - keys: 6060
2024-10-01 13:09:00,860 - INFO - keys: 6061
2024-10-01 13:09:00,860 - INFO - keys: 6062
2024-10-01 13:09:00,860 - INFO - keys: 6063
2024-10-01 13:09:00,860 - INFO - keys: 6064
2024-10-01 13:09:00,861 - INFO - keys: 6065
2024-10-01 13:09:00,861 - INFO - keys: 6066
2024-10-01 13:09:00,861 - INFO - keys: 6068
2024-10-01 13:09:00,861 - INFO - keys: 6070
2024-10-01 13:09:00,861 - INFO - keys: 6071
2024-10-01 13:09:00,862 - INFO - keys: 6072
2024-10-01 13:09:00,862 - INFO - keys: 6073
2024-10-01 13:09:00,862 - INFO - keys: 6074
2024-10-01 13:09:00,862 - INFO - keys: 6076
2024-10-01 13:09:00,862 - INFO - keys: 6077
2024-10-01 13:09:00,862 - INFO - keys: 6078
2024-10-01 13:09:00,862 - INFO - keys: 6079
2024-10-01 13:09:00,863 - INFO - keys: 6080
2024-10-01 13:09:00,863 - INFO - keys: 6081
2024-10-01 13:09:00,863 - INFO - keys: 6082
2024-10-01 13:09:00,863 - INFO - keys: 6083
2024-10-01 13:09:00,863 - INFO - keys: 6084
2024-10-01 13:09:00,864 - INFO - keys: 6085
2024-10-01 13:09:00,864 - INFO - keys: 6086
2024-10-01 13:09:00,864 - INFO - keys: 6087
2024-10-01 13:09:00,864 - INFO - keys: 6088
2024-10-01 13:09:00,865 - INFO - keys: 6089
2024-10-01 13:09:00,865 - INFO - keys: 6090
2024-10-01 13:09:00,865 - INFO - keys: 6091
2024-10-01 13:09:00,865 - INFO - keys: 6092
2024-10-01 13:09:00,866 - INFO - keys: 6093
2024-10-01 13:09:00,866 - INFO - keys: 6094
2024-10-01 13:09:00,866 - INFO - keys: 6095
2024-10-01 13:09:00,866 - INFO - keys: 6096
2024-10-01 13:09:00,866 - INFO - keys: 6097
2024-10-01 13:09:00,866 - INFO - keys: 6098
2024-10-01 13:09:00,867 - INFO - keys: 6099
2024-10-01 13:09:00,867 - INFO - keys: 6100
2024-10-01 13:09:00,867 - INFO - keys: 6101
2024-10-01 13:09:00,867 - INFO - keys: 6102
2024-10-01 13:09:00,868 - INFO - keys: 6103
2024-10-01 13:09:00,868 - INFO - keys: 6104
2024-10-01 13:09:00,868 - INFO - keys: 6105
2024-10-01 13:09:00,868 - INFO - keys: 6106
2024-10-01 13:09:00,868 - INFO - keys: 6107
2024-10-01 13:09:00,869 - INFO - keys: 6108
2024-10-01 13:09:00,869 - INFO - keys: 6109
2024-10-01 13:09:00,869 - INFO - keys: 6110
2024-10-01 13:09:00,869 - INFO - keys: 6111
2024-10-01 13:09:00,869 - INFO - keys: 6112
2024-10-01 13:09:00,870 - INFO - keys: 6113
2024-10-01 13:09:00,870 - INFO - keys: 6114
2024-10-01 13:09:00,870 - INFO - keys: 6115
2024-10-01 13:09:00,870 - INFO - keys: 6116
2024-10-01 13:09:00,870 - INFO - keys: 6117
2024-10-01 13:09:00,870 - INFO - keys: 6118
2024-10-01 13:09:00,871 - INFO - keys: 6119
2024-10-01 13:09:00,871 - INFO - keys: 6120
2024-10-01 13:09:00,871 - INFO - keys: 6121
2024-10-01 13:09:00,871 - INFO - keys: 6122
2024-10-01 13:09:00,871 - INFO - keys: 6123
2024-10-01 13:09:00,872 - INFO - keys: 6124
2024-10-01 13:09:00,872 - INFO - keys: 6125
2024-10-01 13:09:00,872 - INFO - keys: 6126
2024-10-01 13:09:00,872 - INFO - keys: 6127
2024-10-01 13:09:00,872 - INFO - keys: 6128
2024-10-01 13:09:00,872 - INFO - keys: 6129
2024-10-01 13:09:00,872 - INFO - keys: 6130
2024-10-01 13:09:00,873 - INFO - keys: 6131
2024-10-01 13:09:00,873 - INFO - keys: 6132
2024-10-01 13:09:00,873 - INFO - keys: 6133
2024-10-01 13:09:00,873 - INFO - keys: 6134
2024-10-01 13:09:00,873 - INFO - keys: 6135
2024-10-01 13:09:00,874 - INFO - keys: 6136
2024-10-01 13:09:00,874 - INFO - keys: 6137
2024-10-01 13:09:00,874 - INFO - keys: 6138
2024-10-01 13:09:00,874 - INFO - keys: 6139
2024-10-01 13:09:00,874 - INFO - keys: 6140
2024-10-01 13:09:00,874 - INFO - keys: 6141
2024-10-01 13:09:00,875 - INFO - keys: 6142
2024-10-01 13:09:00,875 - INFO - keys: 6143
2024-10-01 13:09:00,875 - INFO - keys: 6144
2024-10-01 13:09:00,875 - INFO - keys: 6145
2024-10-01 13:09:00,875 - INFO - keys: 6146
2024-10-01 13:09:00,875 - INFO - keys: 6147
2024-10-01 13:09:00,875 - INFO - keys: 6149
2024-10-01 13:09:00,876 - INFO - keys: 6150
2024-10-01 13:09:00,876 - INFO - keys: 6151
2024-10-01 13:09:00,876 - INFO - keys: 6152
2024-10-01 13:09:00,876 - INFO - keys: 6154
2024-10-01 13:09:00,876 - INFO - keys: 6155
2024-10-01 13:09:00,876 - INFO - keys: 6156
2024-10-01 13:09:00,877 - INFO - keys: 6157
2024-10-01 13:09:00,877 - INFO - keys: 6158
2024-10-01 13:09:00,877 - INFO - keys: 6159
2024-10-01 13:09:00,877 - INFO - keys: 6160
2024-10-01 13:09:00,877 - INFO - keys: 6161
2024-10-01 13:09:00,877 - INFO - keys: 6162
2024-10-01 13:09:00,877 - INFO - keys: 6163
2024-10-01 13:09:00,878 - INFO - keys: 6164
2024-10-01 13:09:00,878 - INFO - keys: 6165
2024-10-01 13:09:00,878 - INFO - keys: 6166
2024-10-01 13:09:00,878 - INFO - keys: 6167
2024-10-01 13:09:00,878 - INFO - keys: 6168
2024-10-01 13:09:00,879 - INFO - keys: 6169
2024-10-01 13:09:00,879 - INFO - keys: 6170
2024-10-01 13:09:00,879 - INFO - keys: 6171
2024-10-01 13:09:00,879 - INFO - keys: 6172
2024-10-01 13:09:00,879 - INFO - keys: 6173
2024-10-01 13:09:00,880 - INFO - keys: 6174
2024-10-01 13:09:00,880 - INFO - keys: 6175
2024-10-01 13:09:00,880 - INFO - keys: 6176
2024-10-01 13:09:00,880 - INFO - keys: 6177
2024-10-01 13:09:00,880 - INFO - keys: 6178
2024-10-01 13:09:00,881 - INFO - keys: 6179
2024-10-01 13:09:00,881 - INFO - keys: 6180
2024-10-01 13:09:00,881 - INFO - keys: 6181
2024-10-01 13:09:00,881 - INFO - keys: 6182
2024-10-01 13:09:00,881 - INFO - keys: 6183
2024-10-01 13:09:00,882 - INFO - keys: 6184
2024-10-01 13:09:00,882 - INFO - keys: 6186
2024-10-01 13:09:00,882 - INFO - keys: 6187
2024-10-01 13:09:00,882 - INFO - keys: 6188
2024-10-01 13:09:00,882 - INFO - keys: 6189
2024-10-01 13:09:00,883 - INFO - keys: 6190
2024-10-01 13:09:00,883 - INFO - keys: 6191
2024-10-01 13:09:00,883 - INFO - keys: 6192
2024-10-01 13:09:00,883 - INFO - keys: 6193
2024-10-01 13:09:00,883 - INFO - keys: 6194
2024-10-01 13:09:00,884 - INFO - keys: 6195
2024-10-01 13:09:00,884 - INFO - keys: 6196
2024-10-01 13:09:00,884 - INFO - keys: 6198
2024-10-01 13:09:00,884 - INFO - keys: 6199
2024-10-01 13:09:00,884 - INFO - keys: 6200
2024-10-01 13:09:00,885 - INFO - keys: 6202
2024-10-01 13:09:00,885 - INFO - keys: 6204
2024-10-01 13:09:00,885 - INFO - keys: 6205
2024-10-01 13:09:00,885 - INFO - keys: 6206
2024-10-01 13:09:00,885 - INFO - keys: 6207
2024-10-01 13:09:00,886 - INFO - keys: 6208
2024-10-01 13:09:00,886 - INFO - keys: 6209
2024-10-01 13:09:00,886 - INFO - keys: 6210
2024-10-01 13:09:00,886 - INFO - keys: 6211
2024-10-01 13:09:00,886 - INFO - keys: 6212
2024-10-01 13:09:00,887 - INFO - keys: 6213
2024-10-01 13:09:00,887 - INFO - keys: 6214
2024-10-01 13:09:00,887 - INFO - keys: 6215
2024-10-01 13:09:00,887 - INFO - keys: 6216
2024-10-01 13:09:00,887 - INFO - keys: 6217
2024-10-01 13:09:00,888 - INFO - keys: 6218
2024-10-01 13:09:00,888 - INFO - keys: 6219
2024-10-01 13:09:00,888 - INFO - keys: 6220
2024-10-01 13:09:00,888 - INFO - keys: 6221
2024-10-01 13:09:00,888 - INFO - keys: 6222
2024-10-01 13:09:00,888 - INFO - keys: 6223
2024-10-01 13:09:00,889 - INFO - keys: 6224
2024-10-01 13:09:00,889 - INFO - keys: 6225
2024-10-01 13:09:00,889 - INFO - keys: 6226
2024-10-01 13:09:00,889 - INFO - keys: 6227
2024-10-01 13:09:00,889 - INFO - keys: 6228
2024-10-01 13:09:00,889 - INFO - keys: 6229
2024-10-01 13:09:00,890 - INFO - keys: 6230
2024-10-01 13:09:00,890 - INFO - keys: 6231
2024-10-01 13:09:00,890 - INFO - keys: 6232
2024-10-01 13:09:00,890 - INFO - keys: 6233
2024-10-01 13:09:00,890 - INFO - keys: 6234
2024-10-01 13:09:00,890 - INFO - keys: 6235
2024-10-01 13:09:00,891 - INFO - keys: 6236
2024-10-01 13:09:00,891 - INFO - keys: 6237
2024-10-01 13:09:00,891 - INFO - keys: 6238
2024-10-01 13:09:00,891 - INFO - keys: 6239
2024-10-01 13:09:00,891 - INFO - keys: 6240
2024-10-01 13:09:00,891 - INFO - keys: 6241
2024-10-01 13:09:00,892 - INFO - keys: 6242
2024-10-01 13:09:00,892 - INFO - keys: 6243
2024-10-01 13:09:00,892 - INFO - keys: 6244
2024-10-01 13:09:00,892 - INFO - keys: 6245
2024-10-01 13:09:00,892 - INFO - keys: 6246
2024-10-01 13:09:00,892 - INFO - keys: 6247
2024-10-01 13:09:00,893 - INFO - keys: 6248
2024-10-01 13:09:00,893 - INFO - keys: 6249
2024-10-01 13:09:00,893 - INFO - keys: 6250
2024-10-01 13:09:00,893 - INFO - keys: 6251
2024-10-01 13:09:00,893 - INFO - keys: 6252
2024-10-01 13:09:00,893 - INFO - keys: 6253
2024-10-01 13:09:00,893 - INFO - keys: 6254
2024-10-01 13:09:00,893 - INFO - keys: 6255
2024-10-01 13:09:00,894 - INFO - keys: 6256
2024-10-01 13:09:00,894 - INFO - keys: 6257
2024-10-01 13:09:00,894 - INFO - keys: 6258
2024-10-01 13:09:00,894 - INFO - keys: 6259
2024-10-01 13:09:00,894 - INFO - keys: 6260
2024-10-01 13:09:00,894 - INFO - keys: 6261
2024-10-01 13:09:00,894 - INFO - keys: 6262
2024-10-01 13:09:00,894 - INFO - keys: 6263
2024-10-01 13:09:00,894 - INFO - keys: 6264
2024-10-01 13:09:00,895 - INFO - keys: 6265
2024-10-01 13:09:00,895 - INFO - keys: 6266
2024-10-01 13:09:00,895 - INFO - keys: 6267
2024-10-01 13:09:00,895 - INFO - keys: 6268
2024-10-01 13:09:00,895 - INFO - keys: 6269
2024-10-01 13:09:00,895 - INFO - keys: 6270
2024-10-01 13:09:00,896 - INFO - keys: 6271
2024-10-01 13:09:00,896 - INFO - keys: 6272
2024-10-01 13:09:00,896 - INFO - keys: 6273
2024-10-01 13:09:00,896 - INFO - keys: 6274
2024-10-01 13:09:00,896 - INFO - keys: 6275
2024-10-01 13:09:00,896 - INFO - keys: 6276
2024-10-01 13:09:00,896 - INFO - keys: 6277
2024-10-01 13:09:00,897 - INFO - keys: 6279
2024-10-01 13:09:00,897 - INFO - keys: 6280
2024-10-01 13:09:00,897 - INFO - keys: 6281
2024-10-01 13:09:00,897 - INFO - keys: 6282
2024-10-01 13:09:00,897 - INFO - keys: 6283
2024-10-01 13:09:00,897 - INFO - keys: 6285
2024-10-01 13:09:00,898 - INFO - keys: 6286
2024-10-01 13:09:00,898 - INFO - keys: 6287
2024-10-01 13:09:00,898 - INFO - keys: 6288
2024-10-01 13:09:00,898 - INFO - keys: 6289
2024-10-01 13:09:00,898 - INFO - keys: 6290
2024-10-01 13:09:00,898 - INFO - keys: 6291
2024-10-01 13:09:00,898 - INFO - keys: 6292
2024-10-01 13:09:00,899 - INFO - keys: 6293
2024-10-01 13:09:00,899 - INFO - keys: 6294
2024-10-01 13:09:00,899 - INFO - keys: 6295
2024-10-01 13:09:00,899 - INFO - keys: 6296
2024-10-01 13:09:00,899 - INFO - keys: 6297
2024-10-01 13:09:00,899 - INFO - keys: 6298
2024-10-01 13:09:00,900 - INFO - keys: 6299
2024-10-01 13:09:00,900 - INFO - keys: 6300
2024-10-01 13:09:00,900 - INFO - keys: 6301
2024-10-01 13:09:00,900 - INFO - keys: 6302
2024-10-01 13:09:00,900 - INFO - keys: 6303
2024-10-01 13:09:00,900 - INFO - keys: 6304
2024-10-01 13:09:00,901 - INFO - keys: 6305
2024-10-01 13:09:00,901 - INFO - keys: 6306
2024-10-01 13:09:00,901 - INFO - keys: 6307
2024-10-01 13:09:00,901 - INFO - keys: 6308
2024-10-01 13:09:00,901 - INFO - keys: 6309
2024-10-01 13:09:00,902 - INFO - keys: 6310
2024-10-01 13:09:00,902 - INFO - keys: 6311
2024-10-01 13:09:00,902 - INFO - keys: 6312
2024-10-01 13:09:00,902 - INFO - keys: 6313
2024-10-01 13:09:00,902 - INFO - keys: 6314
2024-10-01 13:09:00,902 - INFO - keys: 6315
2024-10-01 13:09:00,902 - INFO - keys: 6316
2024-10-01 13:09:00,903 - INFO - keys: 6317
2024-10-01 13:09:00,903 - INFO - keys: 6318
2024-10-01 13:09:00,903 - INFO - keys: 6319
2024-10-01 13:09:00,903 - INFO - keys: 6320
2024-10-01 13:09:00,903 - INFO - keys: 6321
2024-10-01 13:09:00,903 - INFO - keys: 6322
2024-10-01 13:09:00,903 - INFO - keys: 6323
2024-10-01 13:09:00,904 - INFO - keys: 6324
2024-10-01 13:09:00,904 - INFO - keys: 6325
2024-10-01 13:09:00,904 - INFO - keys: 6326
2024-10-01 13:09:00,904 - INFO - keys: 6327
2024-10-01 13:09:00,904 - INFO - keys: 6328
2024-10-01 13:09:00,904 - INFO - keys: 6329
2024-10-01 13:09:00,904 - INFO - keys: 6330
2024-10-01 13:09:00,904 - INFO - keys: 6331
2024-10-01 13:09:00,904 - INFO - keys: 6332
2024-10-01 13:09:00,905 - INFO - keys: 6333
2024-10-01 13:09:00,905 - INFO - keys: 6334
2024-10-01 13:09:00,905 - INFO - keys: 6335
2024-10-01 13:09:00,905 - INFO - keys: 6336
2024-10-01 13:09:00,905 - INFO - keys: 6337
2024-10-01 13:09:00,905 - INFO - keys: 6338
2024-10-01 13:09:00,906 - INFO - keys: 6339
2024-10-01 13:09:00,906 - INFO - keys: 6340
2024-10-01 13:09:00,906 - INFO - keys: 6341
2024-10-01 13:09:00,906 - INFO - keys: 6342
2024-10-01 13:09:00,906 - INFO - keys: 6344
2024-10-01 13:09:00,906 - INFO - keys: 6345
2024-10-01 13:09:00,907 - INFO - keys: 6347
2024-10-01 13:09:00,907 - INFO - keys: 6348
2024-10-01 13:09:00,907 - INFO - keys: 6349
2024-10-01 13:09:00,907 - INFO - keys: 6350
2024-10-01 13:09:00,907 - INFO - keys: 6351
2024-10-01 13:09:00,907 - INFO - keys: 6352
2024-10-01 13:09:00,908 - INFO - keys: 6353
2024-10-01 13:09:00,908 - INFO - keys: 6354
2024-10-01 13:09:00,908 - INFO - keys: 6355
2024-10-01 13:09:00,908 - INFO - keys: 6356
2024-10-01 13:09:00,908 - INFO - keys: 6357
2024-10-01 13:09:00,908 - INFO - keys: 6358
2024-10-01 13:09:00,908 - INFO - keys: 6359
2024-10-01 13:09:00,909 - INFO - keys: 6360
2024-10-01 13:09:00,909 - INFO - keys: 6361
2024-10-01 13:09:00,909 - INFO - keys: 6362
2024-10-01 13:09:00,909 - INFO - keys: 6363
2024-10-01 13:09:00,909 - INFO - keys: 6364
2024-10-01 13:09:00,909 - INFO - keys: 6365
2024-10-01 13:09:00,909 - INFO - keys: 6366
2024-10-01 13:09:00,909 - INFO - keys: 6367
2024-10-01 13:09:00,910 - INFO - keys: 6368
2024-10-01 13:09:00,910 - INFO - keys: 6369
2024-10-01 13:09:00,910 - INFO - keys: 6370
2024-10-01 13:09:00,910 - INFO - keys: 6371
2024-10-01 13:09:00,910 - INFO - keys: 7019
2024-10-01 13:09:00,910 - INFO - keys: 7020
2024-10-01 13:09:00,910 - INFO - keys: 7021
2024-10-01 13:09:00,911 - INFO - keys: 7022
2024-10-01 13:09:00,911 - INFO - keys: 7023
2024-10-01 13:09:00,911 - INFO - keys: 7024
2024-10-01 13:21:30,113 - INFO - ID: 1200, mainClassification
2024-10-01 13:21:30,605 - INFO - ID: 1203, mainClassification
2024-10-01 13:21:31,071 - INFO - ID: 1204, mainClassification
2024-10-01 13:21:31,566 - INFO - ID: 1206, mainClassification
2024-10-01 13:21:32,011 - INFO - ID: 1209, mainClassification
2024-10-01 13:21:32,601 - INFO - ID: 1210, mainClassification
2024-10-01 13:21:33,061 - INFO - ID: 1211, mainClassification
2024-10-01 13:21:33,486 - INFO - ID: 1212, mainClassification
2024-10-01 13:21:33,915 - INFO - ID: 1214, mainClassification
2024-10-01 13:21:34,430 - INFO - ID: 1216, mainClassification
2024-10-01 13:21:34,828 - INFO - ID: 1220, mainClassification
2024-10-01 13:21:35,319 - INFO - ID: 1223, mainClassification
2024-10-01 13:21:35,748 - INFO - ID: 1225, mainClassification
2024-10-01 13:21:36,603 - INFO - ID: 1303, subClassification
2024-10-01 13:21:37,443 - INFO - ID: 1313, subClassification
2024-10-01 13:21:38,264 - INFO - ID: 1315, subClassification
2024-10-01 13:21:39,083 - INFO - ID: 1328, subClassification
2024-10-01 13:21:39,931 - INFO - ID: 1332, subClassification
2024-10-01 13:21:40,691 - INFO - ID: 1345, subClassification
2024-10-01 13:21:41,559 - INFO - ID: 1350, subClassification
2024-10-01 13:21:42,697 - INFO - ID: 1352, subClassification
2024-10-01 13:21:43,382 - INFO - ID: 1353, subClassification
2024-10-01 13:21:44,115 - INFO - ID: 1372, subClassification
2024-10-01 13:21:44,792 - INFO - ID: 1378, subClassification
2024-10-01 13:21:45,717 - INFO - ID: 1387, subClassification
2024-10-01 13:21:46,495 - INFO - ID: 1392, subClassification
2024-10-01 13:21:47,383 - INFO - ID: 1404, subClassification
2024-10-01 13:21:47,953 - INFO - ID: 1405, subClassification
2024-10-01 13:21:48,986 - INFO - ID: 1406, subClassification
2024-10-01 13:21:49,572 - INFO - ID: 1409, subClassification
2024-10-01 13:21:50,314 - INFO - ID: 1410, subClassification
2024-10-01 13:21:51,246 - INFO - ID: 1411, subClassification
2024-10-01 13:21:52,079 - INFO - ID: 1415, subClassification
2024-10-01 13:23:52,169 - INFO - ID: 1200, mainClassification
2024-10-01 13:23:52,649 - INFO - ID: 1203, mainClassification
2024-10-01 13:23:53,033 - INFO - ID: 1204, mainClassification
2024-10-01 13:23:53,498 - INFO - ID: 1206, mainClassification
2024-10-01 13:23:53,998 - INFO - ID: 1209, mainClassification
2024-10-01 13:23:54,388 - INFO - ID: 1210, mainClassification
2024-10-01 13:23:54,807 - INFO - ID: 1211, mainClassification
2024-10-01 13:23:55,232 - INFO - ID: 1212, mainClassification
2024-10-01 13:23:55,743 - INFO - ID: 1214, mainClassification
2024-10-01 13:23:56,173 - INFO - ID: 1216, mainClassification
2024-10-01 13:23:56,700 - INFO - ID: 1220, mainClassification
2024-10-01 13:23:57,081 - INFO - ID: 1223, mainClassification
2024-10-01 13:23:57,513 - INFO - ID: 1225, mainClassification
2024-10-01 13:23:58,344 - INFO - ID: 1303, subClassification
2024-10-01 13:23:59,150 - INFO - ID: 1313, subClassification
2024-10-01 13:24:00,051 - INFO - ID: 1315, subClassification
2024-10-01 13:24:00,903 - INFO - ID: 1328, subClassification
2024-10-01 13:24:01,623 - INFO - ID: 1332, subClassification
2024-10-01 13:24:02,460 - INFO - ID: 1345, subClassification
2024-10-01 13:24:03,437 - INFO - ID: 1350, subClassification
2024-10-01 13:26:19,237 - INFO - ID: 1200, mainClassification
2024-10-01 13:26:19,642 - INFO - ID: 1203, mainClassification
2024-10-01 13:26:20,082 - INFO - ID: 1204, mainClassification
2024-10-01 13:26:20,618 - INFO - ID: 1206, mainClassification
2024-10-01 13:26:21,068 - INFO - ID: 1209, mainClassification
2024-10-01 13:26:21,514 - INFO - ID: 1210, mainClassification
2024-10-01 13:26:21,957 - INFO - ID: 1211, mainClassification
2024-10-01 13:26:22,375 - INFO - ID: 1212, mainClassification
2024-10-01 13:26:22,801 - INFO - ID: 1214, mainClassification
2024-10-01 13:26:23,188 - INFO - ID: 1216, mainClassification
2024-10-01 13:26:23,865 - INFO - ID: 1220, mainClassification
2024-10-01 13:26:24,297 - INFO - ID: 1223, mainClassification
2024-10-01 13:26:24,869 - INFO - ID: 1225, mainClassification
2024-10-01 13:26:25,717 - INFO - ID: 1303, subClassification
2024-10-01 13:26:26,472 - INFO - ID: 1313, subClassification
2024-10-01 13:26:27,260 - INFO - ID: 1315, subClassification
2024-10-01 13:26:28,084 - INFO - ID: 1328, subClassification
2024-10-01 13:26:28,871 - INFO - ID: 1332, subClassification
2024-10-01 13:26:29,817 - INFO - ID: 1345, subClassification
2024-10-01 13:26:30,630 - INFO - ID: 1350, subClassification
2024-10-01 13:28:41,832 - INFO - ID: 1200, mainClassification
2024-10-01 13:28:42,296 - INFO - ID: 1203, mainClassification
2024-10-01 13:28:42,756 - INFO - ID: 1204, mainClassification
2024-10-01 13:28:43,211 - INFO - ID: 1206, mainClassification
2024-10-01 13:28:43,637 - INFO - ID: 1209, mainClassification
2024-10-01 13:28:44,118 - INFO - ID: 1210, mainClassification
2024-10-01 13:28:44,692 - INFO - ID: 1211, mainClassification
2024-10-01 13:28:45,167 - INFO - ID: 1212, mainClassification
2024-10-01 13:28:45,609 - INFO - ID: 1214, mainClassification
2024-10-01 13:28:46,059 - INFO - ID: 1216, mainClassification
2024-10-01 13:28:46,446 - INFO - ID: 1220, mainClassification
2024-10-01 13:28:46,930 - INFO - ID: 1223, mainClassification
2024-10-01 13:28:47,384 - INFO - ID: 1225, mainClassification
2024-10-01 13:28:48,212 - INFO - ID: 1303, subClassification
2024-10-01 13:28:49,004 - INFO - ID: 1313, subClassification
2024-10-01 13:28:49,785 - INFO - ID: 1315, subClassification
2024-10-01 13:28:50,751 - INFO - ID: 1328, subClassification
2024-10-01 13:28:51,600 - INFO - ID: 1332, subClassification
2024-10-01 13:28:52,428 - INFO - ID: 1345, subClassification
2024-10-01 13:28:53,289 - INFO - ID: 1350, subClassification
2024-10-01 13:49:58,298 - INFO - ID: 1200, mainClassification
2024-10-01 13:49:58,758 - INFO - ID: 1203, mainClassification
2024-10-01 13:49:59,318 - INFO - ID: 1204, mainClassification
2024-10-01 13:49:59,827 - INFO - ID: 1206, mainClassification
2024-10-01 13:50:00,301 - INFO - ID: 1209, mainClassification
2024-10-01 13:50:00,771 - INFO - ID: 1210, mainClassification
2024-10-01 13:50:01,317 - INFO - ID: 1211, mainClassification
2024-10-01 13:50:01,799 - INFO - ID: 1212, mainClassification
2024-10-01 13:50:02,193 - INFO - ID: 1214, mainClassification
2024-10-01 13:50:02,743 - INFO - ID: 1216, mainClassification
2024-10-01 13:50:03,133 - INFO - ID: 1220, mainClassification
2024-10-01 13:50:03,589 - INFO - ID: 1223, mainClassification
2024-10-01 13:50:04,036 - INFO - ID: 1225, mainClassification
2024-10-01 13:50:04,939 - INFO - ID: 1303, subClassification
2024-10-01 13:50:05,740 - INFO - ID: 1313, subClassification
2024-10-01 13:50:06,845 - INFO - ID: 1315, subClassification
2024-10-01 13:50:07,593 - INFO - ID: 1328, subClassification
2024-10-01 13:50:08,383 - INFO - ID: 1332, subClassification
2024-10-01 13:50:09,133 - INFO - ID: 1345, subClassification
2024-10-01 13:50:10,088 - INFO - ID: 1350, subClassification
2024-10-01 13:50:30,960 - INFO - ID: 1200, mainClassification
2024-10-01 13:50:31,378 - INFO - ID: 1203, mainClassification
2024-10-01 13:50:31,857 - INFO - ID: 1204, mainClassification
2024-10-01 13:50:32,330 - INFO - ID: 1206, mainClassification
2024-10-01 13:50:32,921 - INFO - ID: 1209, mainClassification
2024-10-01 13:50:33,307 - INFO - ID: 1210, mainClassification
2024-10-01 13:50:33,759 - INFO - ID: 1211, mainClassification
2024-10-01 13:50:34,197 - INFO - ID: 1212, mainClassification
2024-10-01 13:50:34,630 - INFO - ID: 1214, mainClassification
2024-10-01 13:50:35,105 - INFO - ID: 1216, mainClassification
2024-10-01 13:50:35,692 - INFO - ID: 1220, mainClassification
2024-10-01 13:50:36,253 - INFO - ID: 1223, mainClassification
2024-10-01 13:50:36,671 - INFO - ID: 1225, mainClassification
2024-10-01 13:50:37,410 - INFO - ID: 1303, subClassification
2024-10-01 13:50:38,307 - INFO - ID: 1313, subClassification
2024-10-01 13:50:39,155 - INFO - ID: 1315, subClassification
2024-10-01 13:50:39,976 - INFO - ID: 1328, subClassification
2024-10-01 13:50:40,879 - INFO - ID: 1332, subClassification
2024-10-01 13:50:41,753 - INFO - ID: 1345, subClassification
2024-10-01 13:50:42,579 - INFO - ID: 1350, subClassification
2024-10-01 13:54:35,542 - INFO - 0.00%
2024-10-01 13:54:36,174 - INFO - 0.25%
2024-10-01 13:54:36,678 - INFO - 0.49%
2024-10-01 13:54:37,248 - INFO - 0.74%
2024-10-01 13:54:37,685 - INFO - 0.98%
2024-10-01 13:54:38,118 - INFO - 1.23%
2024-10-01 13:54:38,665 - INFO - 1.47%
2024-10-01 13:54:39,077 - INFO - 1.72%
2024-10-01 13:54:39,557 - INFO - 1.97%
2024-10-01 13:54:40,233 - INFO - 2.21%
2024-10-01 13:54:40,728 - INFO - 2.46%
2024-10-01 13:54:41,155 - INFO - 2.70%
2024-10-01 13:54:41,782 - INFO - 2.95%
2024-10-01 13:54:42,607 - INFO - 3.19%
2024-10-01 13:54:43,469 - INFO - 3.44%
2024-10-01 13:54:44,145 - INFO - 3.69%
2024-10-01 13:54:44,944 - INFO - 3.93%
2024-10-01 13:54:45,901 - INFO - 4.18%
2024-10-01 13:54:46,839 - INFO - 4.42%
2024-10-01 13:54:47,777 - INFO - 4.67%
